<?xml version="1.0" encoding="UTF-8"?>
<!-- Generated by org.testng.reporters.JUnitReportReporter -->
<testsuite hostname="KAI-DT136" name="com.SchoolOfDragons.SchoolOfDragons_Live_CreateAge12NonAuthorisedUser.TestCase6" tests="1" failures="0" timestamp="9 May 2016 07:13:43 GMT" time="120.952" errors="0">
  <testcase name="createNewUserAge12" time="120.952" classname="com.SchoolOfDragons.SchoolOfDragons_Live_CreateAge12NonAuthorisedUser.TestCase6"/>
</testsuite> <!-- com.SchoolOfDragons.SchoolOfDragons_Live_CreateAge12NonAuthorisedUser.TestCase6 -->
