<?xml version="1.0" encoding="UTF-8"?>
<!-- Generated by org.testng.reporters.JUnitReportReporter -->
<testsuite hostname="KAI-DT136" name="com.SchoolOfDragons.SchoolOfDragons_Live_CreateAge12AuthorisedUser.TestCase6" tests="1" failures="0" timestamp="9 May 2016 07:00:48 GMT" time="119.653" errors="0">
  <testcase name="createNewUserAge12" time="119.653" classname="com.SchoolOfDragons.SchoolOfDragons_Live_CreateAge12AuthorisedUser.TestCase6"/>
</testsuite> <!-- com.SchoolOfDragons.SchoolOfDragons_Live_CreateAge12AuthorisedUser.TestCase6 -->
